Sat, 28 Mar 2015 06:03:24 orm.py[line:133] INFO Scan ORMapping User...
Sat, 28 Mar 2015 06:03:24 orm.py[line:140] INFO Found mapping: created_at => <FloatField:created_at,real,default(<built-in function time>),I>
Sat, 28 Mar 2015 06:03:24 orm.py[line:140] INFO Found mapping: name => <StringField:name,varchar(50),default(),UI>
Sat, 28 Mar 2015 06:03:24 orm.py[line:140] INFO Found mapping: admin => <BooleanField:admin,bool,default(False),UI>
Sat, 28 Mar 2015 06:03:24 orm.py[line:140] INFO Found mapping: image => <StringField:image,varchar(500),default(),UI>
Sat, 28 Mar 2015 06:03:24 orm.py[line:140] INFO Found mapping: email => <StringField:email,varchar(50),default(),I>
Sat, 28 Mar 2015 06:03:24 orm.py[line:140] INFO Found mapping: password => <StringField:password,varchar(50),default(),UI>
Sat, 28 Mar 2015 06:03:24 orm.py[line:140] INFO Found mapping: id => <StringField:id,varchar(50),default(<function next_id at 0xb758e144>),UI>
Sat, 28 Mar 2015 06:03:24 orm.py[line:145] WARNING NOTE: change primary key to non-updatable.
Sat, 28 Mar 2015 06:03:24 orm.py[line:133] INFO Scan ORMapping Blog...
Sat, 28 Mar 2015 06:03:24 orm.py[line:140] INFO Found mapping: user_image => <StringField:user_image,varchar(500),default(),UI>
Sat, 28 Mar 2015 06:03:24 orm.py[line:140] INFO Found mapping: user_id => <StringField:user_id,varchar(50),default(),I>
Sat, 28 Mar 2015 06:03:24 orm.py[line:140] INFO Found mapping: name => <StringField:name,varchar(50),default(),UI>
Sat, 28 Mar 2015 06:03:24 orm.py[line:140] INFO Found mapping: created_at => <FloatField:created_at,real,default(<built-in function time>),I>
Sat, 28 Mar 2015 06:03:24 orm.py[line:140] INFO Found mapping: summary => <StringField:summary,varchar(200),default(),UI>
Sat, 28 Mar 2015 06:03:24 orm.py[line:140] INFO Found mapping: content => <TextField:content,text,default(),UI>
Sat, 28 Mar 2015 06:03:24 orm.py[line:140] INFO Found mapping: user_name => <StringField:user_name,varchar(50),default(),UI>
Sat, 28 Mar 2015 06:03:24 orm.py[line:140] INFO Found mapping: id => <StringField:id,varchar(50),default(<function next_id at 0xb758e144>),UI>
Sat, 28 Mar 2015 06:03:24 orm.py[line:145] WARNING NOTE: change primary key to non-updatable.
Sat, 28 Mar 2015 06:03:24 orm.py[line:133] INFO Scan ORMapping Comment...
Sat, 28 Mar 2015 06:03:24 orm.py[line:140] INFO Found mapping: user_image => <StringField:user_image,varchar(500),default(),UI>
Sat, 28 Mar 2015 06:03:24 orm.py[line:140] INFO Found mapping: blog_id => <StringField:blog_id,varchar(50),default(),I>
Sat, 28 Mar 2015 06:03:24 orm.py[line:140] INFO Found mapping: user_id => <StringField:user_id,varchar(50),default(),I>
Sat, 28 Mar 2015 06:03:24 orm.py[line:140] INFO Found mapping: created_at => <FloatField:created_at,real,default(<built-in function time>),I>
Sat, 28 Mar 2015 06:03:24 orm.py[line:140] INFO Found mapping: content => <TextField:content,text,default(),UI>
Sat, 28 Mar 2015 06:03:24 orm.py[line:140] INFO Found mapping: user_name => <StringField:user_name,varchar(50),default(),UI>
Sat, 28 Mar 2015 06:03:24 orm.py[line:140] INFO Found mapping: id => <StringField:id,varchar(50),default(<function next_id at 0xb758e144>),UI>
Sat, 28 Mar 2015 06:03:24 orm.py[line:145] WARNING NOTE: change primary key to non-updatable.
Sat, 28 Mar 2015 06:03:24 db.py[line:150] INFO Init mysql engine <0xb7310eecL> ok.
Sat, 28 Mar 2015 06:03:24 db.py[line:103] INFO open lazy connection...
Sat, 28 Mar 2015 06:03:24 db.py[line:300] INFO SQL: insert into `users` (`name`,`admin`,`created_at`,`email`,`id`,`password`,`image`) values (%s,%s,%s,%s,%s,%s,%s), ARGS: ('Test', False, 1427493804.661408, 'test1@example.com', '001427493804661536b44cb45b54facae25113067e6e5ac000', '1234567890', 'about:blank')
Sat, 28 Mar 2015 06:03:24 db.py[line:75] INFO open connection <0xb731bdccL>...
Sat, 28 Mar 2015 06:03:24 db.py[line:306] INFO auto commit
Sat, 28 Mar 2015 06:03:24 db.py[line:89] INFO close connection <0xb731bdccL>...
Sat, 28 Mar 2015 06:03:24 db.py[line:103] INFO open lazy connection...
Sat, 28 Mar 2015 06:03:24 db.py[line:256] INFO SQL: select * from users where email=%s, ARGS: ('test@example.com',)
Sat, 28 Mar 2015 06:03:24 db.py[line:75] INFO open connection <0xb731b92cL>...
Sat, 28 Mar 2015 06:03:24 db.py[line:89] INFO close connection <0xb731b92cL>...
Sat, 28 Mar 2015 06:03:24 db.py[line:103] INFO open lazy connection...
Sat, 28 Mar 2015 06:03:24 db.py[line:300] INFO SQL: delete from `users` where `id`=%s, ARGS: (u'00142749133950198949cbb08df454b97f7d1542759fbf5000',)
Sat, 28 Mar 2015 06:03:24 db.py[line:75] INFO open connection <0xb731b92cL>...
Sat, 28 Mar 2015 06:03:24 db.py[line:306] INFO auto commit
Sat, 28 Mar 2015 06:03:24 db.py[line:89] INFO close connection <0xb731b92cL>...
Sat, 28 Mar 2015 06:03:24 db.py[line:103] INFO open lazy connection...
Sat, 28 Mar 2015 06:03:24 db.py[line:256] INFO SQL: select * from users where email=%s, ARGS: ('test@example.com',)
Sat, 28 Mar 2015 06:03:24 db.py[line:75] INFO open connection <0xb731b92cL>...
Sat, 28 Mar 2015 06:03:24 db.py[line:89] INFO close connection <0xb731b92cL>...
